<?xml version="1.0" encoding="UTF-8"?>
<!-- Generated by org.testng.reporters.JUnitReportReporter -->
<testsuite skipped="0" hostname="himanshu" name="com.cogmento.testautomation.web.test.TaskTest" tests="1" failures="0" timestamp="2020-11-22T23:40:02 IST" time="38.925" errors="0">
  <testcase name="create_new_task" time="38.925" classname="com.cogmento.testautomation.web.test.TaskTest"/>
  <system-out/>
</testsuite> <!-- com.cogmento.testautomation.web.test.TaskTest -->
