<?xml version="1.0" encoding="UTF-8"?>
<!-- Generated by org.testng.reporters.JUnitReportReporter -->
<testsuite skipped="1" hostname="himanshu" name="com.cogmento.testautomation.web.test.ContactsTest" tests="1" failures="0" timestamp="2020-11-22T22:58:45 IST" time="0.000" errors="0">
  <testcase name="create_new_contact_test" time="0.000" classname="com.cogmento.testautomation.web.test.ContactsTest">
    <skipped/>
  </testcase> <!-- create_new_contact_test -->
  <system-out/>
</testsuite> <!-- com.cogmento.testautomation.web.test.ContactsTest -->
